app/build/intermediates/manifest_merge_blame_file/debug/processDebugMainManifest/manifest-merger-blame-debug-report.txt
1<?xml version="1.0" encoding="utf-8"?>
2<manifest xmlns:android="http://schemas.android.com/apk/res/android"
3    package="com.example.phonesynth"
4    android:versionCode="1"
5    android:versionName="1.0" >
6
7    <uses-sdk
7-->src/main/AndroidManifest.xml:21:5-23:41
8        android:minSdkVersion="28"
8-->src/main/AndroidManifest.xml:22:9-35
9        android:targetSdkVersion="34" />
9-->src/main/AndroidManifest.xml:23:9-38
10
11    <!-- Required for Nearby Connections -->
12    <uses-permission android:name="android.permission.ACCESS_WIFI_STATE" />
12-->src/main/AndroidManifest.xml:8:5-76
12-->src/main/AndroidManifest.xml:8:22-73
13    <uses-permission android:name="android.permission.CHANGE_WIFI_STATE" />
13-->src/main/AndroidManifest.xml:9:5-76
13-->src/main/AndroidManifest.xml:9:22-73
14    <uses-permission android:name="android.permission.ACCESS_COARSE_LOCATION" />
14-->src/main/AndroidManifest.xml:10:5-81
14-->src/main/AndroidManifest.xml:10:22-78
15    <uses-permission android:name="android.permission.ACCESS_FINE_LOCATION" />
15-->src/main/AndroidManifest.xml:11:5-79
15-->src/main/AndroidManifest.xml:11:22-76
16    <uses-permission android:name="android.permission.BLUETOOTH" />
16-->src/main/AndroidManifest.xml:12:5-68
16-->src/main/AndroidManifest.xml:12:22-65
17    <uses-permission android:name="android.permission.BLUETOOTH_ADMIN" />
17-->src/main/AndroidManifest.xml:13:5-74
17-->src/main/AndroidManifest.xml:13:22-71
18    <uses-permission android:name="android.permission.BLUETOOTH_ADVERTISE" />
18-->src/main/AndroidManifest.xml:14:5-78
18-->src/main/AndroidManifest.xml:14:22-75
19    <uses-permission android:name="android.permission.BLUETOOTH_SCAN" />
19-->src/main/AndroidManifest.xml:15:5-73
19-->src/main/AndroidManifest.xml:15:22-70
20    <uses-permission android:name="android.permission.BLUETOOTH_CONNECT" />
20-->src/main/AndroidManifest.xml:16:5-76
20-->src/main/AndroidManifest.xml:16:22-73
21    <uses-permission android:name="android.permission.NEARBY_WIFI_DEVICES" />
21-->src/main/AndroidManifest.xml:17:5-78
21-->src/main/AndroidManifest.xml:17:22-75
22    <!-- Optional: only required for FILE payloads -->
23    <uses-permission android:name="android.permission.READ_EXTERNAL_STORAGE" />
23-->src/main/AndroidManifest.xml:19:5-79
23-->src/main/AndroidManifest.xml:19:22-77
24
25    <permission
25-->src/main/AndroidManifest.xml:25:5-27:47
26        android:name="com.example.phonesynth.DYNAMIC_RECEIVER_NOT_EXPORTED_PERMISSION"
26-->src/main/AndroidManifest.xml:26:9-87
27        android:protectionLevel="signature" />
27-->src/main/AndroidManifest.xml:27:9-44
28
29    <uses-permission android:name="com.example.phonesynth.DYNAMIC_RECEIVER_NOT_EXPORTED_PERMISSION" />
29-->src/main/AndroidManifest.xml:29:5-103
29-->src/main/AndroidManifest.xml:29:22-100
30    <uses-permission android:name="android.permission.ACCESS_NETWORK_STATE" />
30-->[com.google.android.gms:play-services-nearby:19.3.0] AndroidManifest.xml:6:5-79
30-->[com.google.android.gms:play-services-nearby:19.3.0] AndroidManifest.xml:6:22-76
31
32    <application
32-->src/main/AndroidManifest.xml:31:5-98:19
33        android:allowBackup="true"
33-->src/main/AndroidManifest.xml:32:9-35
34        android:appComponentFactory="androidx.core.app.CoreComponentFactory"
34-->src/main/AndroidManifest.xml:33:9-77
35        android:dataExtractionRules="@xml/data_extraction_rules"
35-->src/main/AndroidManifest.xml:34:9-65
36        android:debuggable="true"
36-->src/main/AndroidManifest.xml:35:9-34
37        android:extractNativeLibs="false"
37-->src/main/AndroidManifest.xml:36:9-42
38        android:fullBackupContent="@xml/backup_rules"
38-->src/main/AndroidManifest.xml:37:9-54
39        android:icon="@mipmap/ic_launcher"
39-->src/main/AndroidManifest.xml:38:9-43
40        android:label="@string/app_name"
40-->src/main/AndroidManifest.xml:39:9-41
41        android:roundIcon="@mipmap/ic_launcher_round"
41-->src/main/AndroidManifest.xml:40:9-54
42        android:supportsRtl="true"
42-->src/main/AndroidManifest.xml:41:9-35
43        android:testOnly="true"
43-->src/main/AndroidManifest.xml:42:9-32
44        android:theme="@style/Theme.PhoneSynth" >
44-->src/main/AndroidManifest.xml:43:9-48
45        <activity
45-->src/main/AndroidManifest.xml:44:9-55:20
46            android:name="com.example.phonesynth.MainActivity"
46-->src/main/AndroidManifest.xml:45:13-63
47            android:exported="true"
47-->src/main/AndroidManifest.xml:46:13-36
48            android:label="@string/app_name"
48-->src/main/AndroidManifest.xml:47:13-45
49            android:screenOrientation="portrait"
49-->src/main/AndroidManifest.xml:49:13-49
50            android:theme="@style/Theme.PhoneSynth" >
50-->src/main/AndroidManifest.xml:48:13-52
51            <intent-filter>
51-->src/main/AndroidManifest.xml:50:13-54:29
52                <action android:name="android.intent.action.MAIN" />
52-->src/main/AndroidManifest.xml:51:17-69
52-->src/main/AndroidManifest.xml:51:25-66
53
54                <category android:name="android.intent.category.LAUNCHER" />
54-->src/main/AndroidManifest.xml:53:17-77
54-->src/main/AndroidManifest.xml:53:27-74
55            </intent-filter>
56        </activity>
57        <activity
57-->src/main/AndroidManifest.xml:56:9-58:39
58            android:name="androidx.compose.ui.tooling.PreviewActivity"
58-->src/main/AndroidManifest.xml:57:13-71
59            android:exported="true" />
59-->src/main/AndroidManifest.xml:58:13-36
60
61        <provider
61-->src/main/AndroidManifest.xml:60:9-73:20
62            android:name="androidx.startup.InitializationProvider"
62-->src/main/AndroidManifest.xml:61:13-67
63            android:authorities="com.example.phonesynth.androidx-startup"
63-->src/main/AndroidManifest.xml:62:13-74
64            android:exported="false" >
64-->src/main/AndroidManifest.xml:63:13-37
65            <meta-data
65-->src/main/AndroidManifest.xml:64:13-66:52
66                android:name="androidx.emoji2.text.EmojiCompatInitializer"
66-->src/main/AndroidManifest.xml:65:17-75
67                android:value="androidx.startup" />
67-->src/main/AndroidManifest.xml:66:17-49
68            <meta-data
68-->src/main/AndroidManifest.xml:67:13-69:52
69                android:name="androidx.lifecycle.ProcessLifecycleInitializer"
69-->src/main/AndroidManifest.xml:68:17-78
70                android:value="androidx.startup" />
70-->src/main/AndroidManifest.xml:69:17-49
71            <meta-data
71-->src/main/AndroidManifest.xml:70:13-72:52
72                android:name="androidx.profileinstaller.ProfileInstallerInitializer"
72-->src/main/AndroidManifest.xml:71:17-85
73                android:value="androidx.startup" />
73-->src/main/AndroidManifest.xml:72:17-49
74        </provider>
75
76        <activity
76-->src/main/AndroidManifest.xml:75:9-77:39
77            android:name="androidx.activity.ComponentActivity"
77-->src/main/AndroidManifest.xml:76:13-63
78            android:exported="true" />
78-->src/main/AndroidManifest.xml:77:13-36
79
80        <receiver
80-->src/main/AndroidManifest.xml:79:9-97:20
81            android:name="androidx.profileinstaller.ProfileInstallReceiver"
81-->src/main/AndroidManifest.xml:80:13-76
82            android:directBootAware="false"
82-->src/main/AndroidManifest.xml:81:13-44
83            android:enabled="true"
83-->src/main/AndroidManifest.xml:82:13-35
84            android:exported="true"
84-->src/main/AndroidManifest.xml:83:13-36
85            android:permission="android.permission.DUMP" >
85-->src/main/AndroidManifest.xml:84:13-57
86            <intent-filter>
86-->src/main/AndroidManifest.xml:85:13-87:29
87                <action android:name="androidx.profileinstaller.action.INSTALL_PROFILE" />
87-->src/main/AndroidManifest.xml:86:17-91
87-->src/main/AndroidManifest.xml:86:25-88
88            </intent-filter>
89            <intent-filter>
89-->src/main/AndroidManifest.xml:88:13-90:29
90                <action android:name="androidx.profileinstaller.action.SKIP_FILE" />
90-->src/main/AndroidManifest.xml:89:17-85
90-->src/main/AndroidManifest.xml:89:25-82
91            </intent-filter>
92            <intent-filter>
92-->src/main/AndroidManifest.xml:91:13-93:29
93                <action android:name="androidx.profileinstaller.action.SAVE_PROFILE" />
93-->src/main/AndroidManifest.xml:92:17-88
93-->src/main/AndroidManifest.xml:92:25-85
94            </intent-filter>
95            <intent-filter>
95-->src/main/AndroidManifest.xml:94:13-96:29
96                <action android:name="androidx.profileinstaller.action.BENCHMARK_OPERATION" />
96-->src/main/AndroidManifest.xml:95:17-95
96-->src/main/AndroidManifest.xml:95:25-92
97            </intent-filter>
98        </receiver>
99
100        <service
100-->[com.google.android.gms:play-services-nearby:19.3.0] AndroidManifest.xml:9:9-214
101            android:name="com.google.android.gms.nearby.exposurenotification.WakeUpService"
101-->[com.google.android.gms:play-services-nearby:19.3.0] AndroidManifest.xml:9:18-97
102            android:exported="true"
102-->[com.google.android.gms:play-services-nearby:19.3.0] AndroidManifest.xml:9:98-121
103            android:permission="com.google.android.gms.nearby.exposurenotification.EXPOSURE_CALLBACK" />
103-->[com.google.android.gms:play-services-nearby:19.3.0] AndroidManifest.xml:9:122-211
104
105        <activity
105-->[com.google.android.gms:play-services-base:18.5.0] AndroidManifest.xml:5:9-173
106            android:name="com.google.android.gms.common.api.GoogleApiActivity"
106-->[com.google.android.gms:play-services-base:18.5.0] AndroidManifest.xml:5:19-85
107            android:exported="false"
107-->[com.google.android.gms:play-services-base:18.5.0] AndroidManifest.xml:5:146-170
108            android:theme="@android:style/Theme.Translucent.NoTitleBar" />
108-->[com.google.android.gms:play-services-base:18.5.0] AndroidManifest.xml:5:86-145
109
110        <meta-data
110-->[com.google.android.gms:play-services-basement:18.4.0] AndroidManifest.xml:6:9-122
111            android:name="com.google.android.gms.version"
111-->[com.google.android.gms:play-services-basement:18.4.0] AndroidManifest.xml:6:20-65
112            android:value="@integer/google_play_services_version" />
112-->[com.google.android.gms:play-services-basement:18.4.0] AndroidManifest.xml:6:66-119
113    </application>
114
115</manifest>